<?xml version="1.0" encoding="UTF-8"?>
<!-- Generated by org.testng.reporters.JUnitReportReporter -->
<testsuite skipped="0" hostname="DESKTOP-O1HAFCS" name="com.qa.hubspot.tests.HomePageTest" tests="2" failures="0" timestamp="2020-08-14T14:04:45 IST" time="5.394" errors="0">
  <testcase name="varifyHomePageHeader" time="5.363" classname="com.qa.hubspot.tests.HomePageTest"/>
  <system-out/>
  <testcase name="varifyHomePageTitle" time="0.031" classname="com.qa.hubspot.tests.HomePageTest"/>
  <system-out/>
</testsuite> <!-- com.qa.hubspot.tests.HomePageTest -->
