<?xml version="1.0" encoding="UTF-8"?>
<!-- Generated by org.testng.reporters.JUnitReportReporter -->
<testsuite skipped="0" hostname="DESKTOP-O1HAFCS" name="com.qa.hubspot.tests.LoginPageTest" tests="3" failures="0" timestamp="2020-08-14T14:04:45 IST" time="5.137" errors="0">
  <testcase name="varifySignUpLinkTest" time="4.242" classname="com.qa.hubspot.tests.LoginPageTest"/>
  <system-out/>
  <testcase name="varifyLoginPageTitleTest" time="0.159" classname="com.qa.hubspot.tests.LoginPageTest"/>
  <system-out/>
  <testcase name="loginTest" time="0.736" classname="com.qa.hubspot.tests.LoginPageTest"/>
  <system-out/>
</testsuite> <!-- com.qa.hubspot.tests.LoginPageTest -->
