<?xml version="1.0" encoding="UTF-8"?>
<!-- Generated by org.testng.reporters.JUnitReportReporter -->
<testsuite skipped="0" hostname="DESKTOP-O1HAFCS" name="com.qa.hubspot.tests.LoginPageBM" tests="3" failures="0" timestamp="17 Jul 2020 13:28:12 GMT" time="41.214" errors="0">
  <testcase name="varifySignUpLinkTest" time="12.659" classname="com.qa.hubspot.tests.LoginPageBM"/>
  <testcase name="varifyLoginPageTitleTest" time="13.560" classname="com.qa.hubspot.tests.LoginPageBM"/>
  <testcase name="loginTest" time="14.995" classname="com.qa.hubspot.tests.LoginPageBM"/>
</testsuite> <!-- com.qa.hubspot.tests.LoginPageBM -->
