<?xml version="1.0" encoding="UTF-8"?>
<!-- Generated by org.testng.reporters.JUnitReportReporter -->
<testsuite skipped="0" hostname="DESKTOP-O1HAFCS" name="com.qa.hubspot.tests.HomePageTest" tests="2" failures="0" timestamp="17 Aug 2020 10:39:21 GMT" time="5.101" errors="0">
  <testcase name="varifyHomePageHeader" time="5.087" classname="com.qa.hubspot.tests.HomePageTest"/>
  <testcase name="varifyHomePageTitle" time="0.014" classname="com.qa.hubspot.tests.HomePageTest"/>
</testsuite> <!-- com.qa.hubspot.tests.HomePageTest -->
