<?xml version="1.0" encoding="UTF-8"?>
<!-- Generated by org.testng.reporters.JUnitReportReporter -->
<testsuite skipped="0" hostname="DESKTOP-O1HAFCS" name="com.qa.hubspot.tests.LoginPageTest" tests="1" failures="0" timestamp="17 Aug 2020 11:57:44 GMT" time="5.720" errors="0">
  <testcase name="varifySignUpLinkTest" time="5.720" classname="com.qa.hubspot.tests.LoginPageTest"/>
</testsuite> <!-- com.qa.hubspot.tests.LoginPageTest -->
